       status name      |       prev info      |     current info     |       difference     |  count 
----------------------------------------------------------------------------------------------------
 * sell price           :          4,932,000.0 |          4,932,000.0 |                  0.0 |    1
 * buy price            :          4,930,000.0 |          4,930,000.0 |                  0.0 |    1
 * closing price        :          4,930,000.0 |          4,930,000.0 |                  0.0 |    1
       status name      |       prev info      |     current info     |       difference     |  count 
----------------------------------------------------------------------------------------------------
 * sell price           :          4,932,000.0 |          4,932,000.0 |                  0.0 |    2
 * buy price            :          4,930,000.0 |          4,930,000.0 |                  0.0 |    2
 * closing price        :          4,930,000.0 |          4,930,000.0 |                  0.0 |    2
       status name      |       prev info      |     current info     |       difference     |  count 
----------------------------------------------------------------------------------------------------
 * sell price           :          4,928,000.0 |          4,928,000.0 |                  0.0 |    1
 * buy price            :          4,927,000.0 |          4,927,000.0 |                  0.0 |    1
 * closing price        :          4,928,000.0 |          4,928,000.0 |                  0.0 |    1
       status name      |       prev info      |     current info     |       difference     |  count 
----------------------------------------------------------------------------------------------------
 * sell price           :          4,928,000.0 |          4,928,000.0 |                  0.0 |    2
 * buy price            :          4,927,000.0 |          4,927,000.0 |                  0.0 |    2
 * closing price        :          4,928,000.0 |          4,928,000.0 |                  0.0 |    2
       status name      |       prev info      |     current info     |       difference     |  count 
----------------------------------------------------------------------------------------------------
 * sell price           :          4,928,000.0 |          4,928,000.0 |                  0.0 |    3
 * buy price            :          4,927,000.0 |          4,927,000.0 |                  0.0 |    3
 * closing price        :          4,927,000.0 |          4,928,000.0 |             -1,000.0 |    0
       status name      |       prev info      |     current info     |       difference     |  count 
----------------------------------------------------------------------------------------------------
 * sell price           :          4,927,000.0 |          4,928,000.0 |             -1,000.0 |    0
 * buy price            :          4,926,000.0 |          4,927,000.0 |             -1,000.0 |    0
 * closing price        :          4,927,000.0 |          4,927,000.0 |                  0.0 |    1
       status name      |       prev info      |     current info     |       difference     |  count 
----------------------------------------------------------------------------------------------------
 * sell price           :          4,927,000.0 |          4,927,000.0 |                  0.0 |    1
 * buy price            :          4,926,000.0 |          4,926,000.0 |                  0.0 |    1
 * closing price        :          4,927,000.0 |          4,927,000.0 |                  0.0 |    2
       status name      |       prev info      |     current info     |       difference     |  count 
----------------------------------------------------------------------------------------------------
 * sell price           :          4,927,000.0 |          4,927,000.0 |                  0.0 |    2
 * buy price            :          4,926,000.0 |          4,926,000.0 |                  0.0 |    2
 * closing price        :          4,926,000.0 |          4,927,000.0 |             -1,000.0 |    0
       status name      |       prev info      |     current info     |       difference     |  count 
----------------------------------------------------------------------------------------------------
 * sell price           :          4,927,000.0 |          4,927,000.0 |                  0.0 |    3
 * buy price            :          4,926,000.0 |          4,926,000.0 |                  0.0 |    3
 * closing price        :          4,927,000.0 |          4,926,000.0 |              1,000.0 |    1
       status name      |       prev info      |     current info     |       difference     |  count 
----------------------------------------------------------------------------------------------------
 * sell price           :          4,926,000.0 |          4,927,000.0 |             -1,000.0 |    0
 * buy price            :          4,925,000.0 |          4,926,000.0 |             -1,000.0 |    0
 * closing price        :          4,926,000.0 |          4,927,000.0 |             -1,000.0 |    0
       status name      |       prev info      |     current info     |       difference     |  count 
----------------------------------------------------------------------------------------------------
 * sell price           :          4,930,000.0 |          4,926,000.0 |              4,000.0 |    1
 * buy price            :          4,927,000.0 |          4,925,000.0 |              2,000.0 |    1
 * closing price        :          4,927,000.0 |          4,926,000.0 |              1,000.0 |    1
       status name      |       prev info      |     current info     |       difference     |  count 
----------------------------------------------------------------------------------------------------
 * sell price           :          4,930,000.0 |          4,930,000.0 |                  0.0 |    2
 * buy price            :          4,927,000.0 |          4,927,000.0 |                  0.0 |    2
 * closing price        :          4,930,000.0 |          4,927,000.0 |              3,000.0 |    2
       status name      |       prev info      |     current info     |       difference     |  count 
----------------------------------------------------------------------------------------------------
 * sell price           :          4,930,000.0 |          4,930,000.0 |                  0.0 |    3
 * buy price            :          4,927,000.0 |          4,927,000.0 |                  0.0 |    3
 * closing price        :          4,930,000.0 |          4,930,000.0 |                  0.0 |    3
       status name      |       prev info      |     current info     |       difference     |  count 
----------------------------------------------------------------------------------------------------
 * sell price           :          4,936,000.0 |          4,930,000.0 |              6,000.0 |    4
 * buy price            :          4,930,000.0 |          4,927,000.0 |              3,000.0 |    4
 * closing price        :          4,930,000.0 |          4,930,000.0 |                  0.0 |    4
       status name      |       prev info      |     current info     |       difference     |  count 
----------------------------------------------------------------------------------------------------
 * sell price           :          4,936,000.0 |          4,936,000.0 |                  0.0 |    5
 * buy price            :          4,930,000.0 |          4,930,000.0 |                  0.0 |    5
 * closing price        :          4,930,000.0 |          4,930,000.0 |                  0.0 |    5
       status name      |       prev info      |     current info     |       difference     |  count 
----------------------------------------------------------------------------------------------------
 * sell price           :          4,936,000.0 |          4,936,000.0 |                  0.0 |    6
 * buy price            :          4,930,000.0 |          4,930,000.0 |                  0.0 |    6
 * closing price        :          4,936,000.0 |          4,930,000.0 |              6,000.0 |    6
       status name      |       prev info      |     current info     |       difference     |  count 
----------------------------------------------------------------------------------------------------
 * sell price           :          4,935,000.0 |          4,936,000.0 |             -1,000.0 |    0
 * buy price            :          4,930,000.0 |          4,930,000.0 |                  0.0 |    7
 * closing price        :          4,930,000.0 |          4,936,000.0 |             -6,000.0 |    0
       status name      |       prev info      |     current info     |       difference     |  count 
----------------------------------------------------------------------------------------------------
 * sell price           :          4,935,000.0 |          4,935,000.0 |                  0.0 |    1
 * buy price            :          4,925,000.0 |          4,930,000.0 |             -5,000.0 |    0
 * closing price        :          4,925,000.0 |          4,930,000.0 |             -5,000.0 |    0
       status name      |       prev info      |     current info     |       difference     |  count 
----------------------------------------------------------------------------------------------------
 * sell price           :          4,934,000.0 |          4,935,000.0 |             -1,000.0 |    0
 * buy price            :          4,926,000.0 |          4,925,000.0 |              1,000.0 |    1
 * closing price        :          4,925,000.0 |          4,925,000.0 |                  0.0 |    1
       status name      |       prev info      |     current info     |       difference     |  count 
----------------------------------------------------------------------------------------------------
 * sell price           :          4,926,000.0 |          4,934,000.0 |             -8,000.0 |    0
 * buy price            :          4,925,000.0 |          4,926,000.0 |             -1,000.0 |    0
 * closing price        :          4,926,000.0 |          4,925,000.0 |              1,000.0 |    2
       status name      |       prev info      |     current info     |       difference     |  count 
----------------------------------------------------------------------------------------------------
 * sell price           :          4,926,000.0 |          4,926,000.0 |                  0.0 |    1
 * buy price            :          4,925,000.0 |          4,925,000.0 |                  0.0 |    1
 * closing price        :          4,925,000.0 |          4,926,000.0 |             -1,000.0 |    0
       status name      |       prev info      |     current info     |       difference     |  count 
----------------------------------------------------------------------------------------------------
 * sell price           :          4,926,000.0 |          4,926,000.0 |                  0.0 |    2
 * buy price            :          4,925,000.0 |          4,925,000.0 |                  0.0 |    2
 * closing price        :          4,926,000.0 |          4,925,000.0 |              1,000.0 |    1
       status name      |       prev info      |     current info     |       difference     |  count 
----------------------------------------------------------------------------------------------------
 * sell price           :          4,925,000.0 |          4,926,000.0 |             -1,000.0 |    0
 * buy price            :          4,922,000.0 |          4,925,000.0 |             -3,000.0 |    0
 * closing price        :          4,922,000.0 |          4,926,000.0 |             -4,000.0 |    0
       status name      |       prev info      |     current info     |       difference     |  count 
----------------------------------------------------------------------------------------------------
 * sell price           :          4,925,000.0 |          4,925,000.0 |                  0.0 |    1
 * buy price            :          4,922,000.0 |          4,922,000.0 |                  0.0 |    1
 * closing price        :          4,922,000.0 |          4,922,000.0 |                  0.0 |    1
       status name      |       prev info      |     current info     |       difference     |  count 
----------------------------------------------------------------------------------------------------
 * sell price           :          4,925,000.0 |          4,925,000.0 |                  0.0 |    2
 * buy price            :          4,922,000.0 |          4,922,000.0 |                  0.0 |    2
 * closing price        :          4,922,000.0 |          4,922,000.0 |                  0.0 |    2
       status name      |       prev info      |     current info     |       difference     |  count 
----------------------------------------------------------------------------------------------------
 * sell price           :          4,925,000.0 |          4,925,000.0 |                  0.0 |    3
 * buy price            :          4,922,000.0 |          4,922,000.0 |                  0.0 |    3
 * closing price        :          4,922,000.0 |          4,922,000.0 |                  0.0 |    3
       status name      |       prev info      |     current info     |       difference     |  count 
----------------------------------------------------------------------------------------------------
 * sell price           :          4,925,000.0 |          4,925,000.0 |                  0.0 |    4
 * buy price            :          4,922,000.0 |          4,922,000.0 |                  0.0 |    4
 * closing price        :          4,922,000.0 |          4,922,000.0 |                  0.0 |    4
       status name      |       prev info      |     current info     |       difference     |  count 
----------------------------------------------------------------------------------------------------
 * sell price           :          4,925,000.0 |          4,925,000.0 |                  0.0 |    5
 * buy price            :          4,922,000.0 |          4,922,000.0 |                  0.0 |    5
 * closing price        :          4,925,000.0 |          4,922,000.0 |              3,000.0 |    5
       status name      |       prev info      |     current info     |       difference     |  count 
----------------------------------------------------------------------------------------------------
 * sell price           :          4,926,000.0 |          4,925,000.0 |              1,000.0 |    6
 * buy price            :          4,925,000.0 |          4,922,000.0 |              3,000.0 |    6
 * closing price        :          4,922,000.0 |          4,925,000.0 |             -3,000.0 |    0
       status name      |       prev info      |     current info     |       difference     |  count 
----------------------------------------------------------------------------------------------------
 * sell price           :          4,926,000.0 |          4,926,000.0 |                  0.0 |    7
 * buy price            :          4,923,000.0 |          4,925,000.0 |             -2,000.0 |    0
 * closing price        :          4,922,000.0 |          4,922,000.0 |                  0.0 |    1
       status name      |       prev info      |     current info     |       difference     |  count 
----------------------------------------------------------------------------------------------------
 * sell price           :          4,925,000.0 |          4,926,000.0 |             -1,000.0 |    0
 * buy price            :          4,922,000.0 |          4,923,000.0 |             -1,000.0 |    0
 * closing price        :          4,925,000.0 |          4,922,000.0 |              3,000.0 |    2
       status name      |       prev info      |     current info     |       difference     |  count 
----------------------------------------------------------------------------------------------------
 * sell price           :          4,924,000.0 |          4,925,000.0 |             -1,000.0 |    0
 * buy price            :          4,922,000.0 |          4,922,000.0 |                  0.0 |    1
 * closing price        :          4,925,000.0 |          4,925,000.0 |                  0.0 |    3
       status name      |       prev info      |     current info     |       difference     |  count 
----------------------------------------------------------------------------------------------------
 * sell price           :          4,924,000.0 |          4,924,000.0 |                  0.0 |    1
 * buy price            :          4,922,000.0 |          4,922,000.0 |                  0.0 |    2
 * closing price        :          4,922,000.0 |          4,925,000.0 |             -3,000.0 |    0
       status name      |       prev info      |     current info     |       difference     |  count 
----------------------------------------------------------------------------------------------------
 * sell price           :          4,922,000.0 |          4,924,000.0 |             -2,000.0 |    0
 * buy price            :          4,921,000.0 |          4,922,000.0 |             -1,000.0 |    0
 * closing price        :          4,922,000.0 |          4,922,000.0 |                  0.0 |    1
       status name      |       prev info      |     current info     |       difference     |  count 
----------------------------------------------------------------------------------------------------
 * sell price           :          4,922,000.0 |          4,922,000.0 |                  0.0 |    1
 * buy price            :          4,921,000.0 |          4,921,000.0 |                  0.0 |    1
 * closing price        :          4,921,000.0 |          4,922,000.0 |             -1,000.0 |    0
       status name      |       prev info      |     current info     |       difference     |  count 
----------------------------------------------------------------------------------------------------
 * sell price           :          4,925,000.0 |          4,922,000.0 |              3,000.0 |    2
 * buy price            :          4,923,000.0 |          4,921,000.0 |              2,000.0 |    2
 * closing price        :          4,922,000.0 |          4,921,000.0 |              1,000.0 |    1
       status name      |       prev info      |     current info     |       difference     |  count 
----------------------------------------------------------------------------------------------------
 * sell price           :          4,925,000.0 |          4,925,000.0 |                  0.0 |    3
 * buy price            :          4,923,000.0 |          4,923,000.0 |                  0.0 |    3
 * closing price        :          4,922,000.0 |          4,922,000.0 |                  0.0 |    2
       status name      |       prev info      |     current info     |       difference     |  count 
----------------------------------------------------------------------------------------------------
 * sell price           :          4,926,000.0 |          4,925,000.0 |              1,000.0 |    4
 * buy price            :          4,925,000.0 |          4,923,000.0 |              2,000.0 |    4
 * closing price        :          4,925,000.0 |          4,922,000.0 |              3,000.0 |    3
       status name      |       prev info      |     current info     |       difference     |  count 
----------------------------------------------------------------------------------------------------
 * sell price           :          4,926,000.0 |          4,926,000.0 |                  0.0 |    5
 * buy price            :          4,925,000.0 |          4,925,000.0 |                  0.0 |    5
 * closing price        :          4,925,000.0 |          4,925,000.0 |                  0.0 |    4
       status name      |       prev info      |     current info     |       difference     |  count 
----------------------------------------------------------------------------------------------------
 * sell price           :          4,926,000.0 |          4,926,000.0 |                  0.0 |    6
 * buy price            :          4,925,000.0 |          4,925,000.0 |                  0.0 |    6
 * closing price        :          4,925,000.0 |          4,925,000.0 |                  0.0 |    5
       status name      |       prev info      |     current info     |       difference     |  count 
----------------------------------------------------------------------------------------------------
 * sell price           :          4,929,000.0 |          4,926,000.0 |              3,000.0 |    7
 * buy price            :          4,926,000.0 |          4,925,000.0 |              1,000.0 |    7
 * closing price        :          4,926,000.0 |          4,925,000.0 |              1,000.0 |    6
       status name      |       prev info      |     current info     |       difference     |  count 
----------------------------------------------------------------------------------------------------
 * sell price           :          4,929,000.0 |          4,929,000.0 |                  0.0 |    8
 * buy price            :          4,926,000.0 |          4,926,000.0 |                  0.0 |    8
 * closing price        :          4,926,000.0 |          4,926,000.0 |                  0.0 |    7
       status name      |       prev info      |     current info     |       difference     |  count 
----------------------------------------------------------------------------------------------------
 * sell price           :          4,930,000.0 |          4,929,000.0 |              1,000.0 |    9
 * buy price            :          4,929,000.0 |          4,926,000.0 |              3,000.0 |    9
 * closing price        :          4,929,000.0 |          4,926,000.0 |              3,000.0 |    8
       status name      |       prev info      |     current info     |       difference     |  count 
----------------------------------------------------------------------------------------------------
 * sell price           :          4,930,000.0 |          4,930,000.0 |                  0.0 |   10
 * buy price            :          4,929,000.0 |          4,929,000.0 |                  0.0 |   10
 * closing price        :          4,929,000.0 |          4,929,000.0 |                  0.0 |    9
       status name      |       prev info      |     current info     |       difference     |  count 
----------------------------------------------------------------------------------------------------
 * sell price           :          4,930,000.0 |          4,930,000.0 |                  0.0 |   11
 * buy price            :          4,929,000.0 |          4,929,000.0 |                  0.0 |   11
 * closing price        :          4,929,000.0 |          4,929,000.0 |                  0.0 |   10
       status name      |       prev info      |     current info     |       difference     |  count 
----------------------------------------------------------------------------------------------------
 * sell price           :          4,930,000.0 |          4,930,000.0 |                  0.0 |   12
 * buy price            :          4,927,000.0 |          4,929,000.0 |             -2,000.0 |    0
 * closing price        :          4,927,000.0 |          4,929,000.0 |             -2,000.0 |    0
       status name      |       prev info      |     current info     |       difference     |  count 
----------------------------------------------------------------------------------------------------
 * sell price           :          4,935,000.0 |          4,930,000.0 |              5,000.0 |   13
 * buy price            :          4,930,000.0 |          4,927,000.0 |              3,000.0 |    1
 * closing price        :          4,930,000.0 |          4,927,000.0 |              3,000.0 |    1
       status name      |       prev info      |     current info     |       difference     |  count 
----------------------------------------------------------------------------------------------------
 * sell price           :          4,934,000.0 |          4,935,000.0 |             -1,000.0 |    0
 * buy price            :          4,930,000.0 |          4,930,000.0 |                  0.0 |    2
 * closing price        :          4,930,000.0 |          4,930,000.0 |                  0.0 |    2
       status name      |       prev info      |     current info     |       difference     |  count 
----------------------------------------------------------------------------------------------------
 * sell price           :          4,934,000.0 |          4,934,000.0 |                  0.0 |    1
 * buy price            :          4,930,000.0 |          4,930,000.0 |                  0.0 |    3
 * closing price        :          4,930,000.0 |          4,930,000.0 |                  0.0 |    3
       status name      |       prev info      |     current info     |       difference     |  count 
----------------------------------------------------------------------------------------------------
 * sell price           :          4,934,000.0 |          4,934,000.0 |                  0.0 |    2
 * buy price            :          4,930,000.0 |          4,930,000.0 |                  0.0 |    4
 * closing price        :          4,934,000.0 |          4,930,000.0 |              4,000.0 |    4
       status name      |       prev info      |     current info     |       difference     |  count 
----------------------------------------------------------------------------------------------------
 * sell price           :          4,933,000.0 |          4,934,000.0 |             -1,000.0 |    0
 * buy price            :          4,930,000.0 |          4,930,000.0 |                  0.0 |    5
 * closing price        :          4,934,000.0 |          4,934,000.0 |                  0.0 |    5
       status name      |       prev info      |     current info     |       difference     |  count 
----------------------------------------------------------------------------------------------------
 * sell price           :          4,933,000.0 |          4,933,000.0 |                  0.0 |    1
 * buy price            :          4,930,000.0 |          4,930,000.0 |                  0.0 |    6
 * closing price        :          4,930,000.0 |          4,934,000.0 |             -4,000.0 |    0
       status name      |       prev info      |     current info     |       difference     |  count 
----------------------------------------------------------------------------------------------------
 * sell price           :          4,933,000.0 |          4,933,000.0 |                  0.0 |    2
 * buy price            :          4,930,000.0 |          4,930,000.0 |                  0.0 |    7
 * closing price        :          4,930,000.0 |          4,930,000.0 |                  0.0 |    1
       status name      |       prev info      |     current info     |       difference     |  count 
----------------------------------------------------------------------------------------------------
 * sell price           :          4,933,000.0 |          4,933,000.0 |                  0.0 |    3
 * buy price            :          4,930,000.0 |          4,930,000.0 |                  0.0 |    8
 * closing price        :          4,930,000.0 |          4,930,000.0 |                  0.0 |    2
       status name      |       prev info      |     current info     |       difference     |  count 
----------------------------------------------------------------------------------------------------
 * sell price           :          4,934,000.0 |          4,934,000.0 |                  0.0 |    1
 * buy price            :          4,931,000.0 |          4,931,000.0 |                  0.0 |    1
 * closing price        :          4,931,000.0 |          4,931,000.0 |                  0.0 |    1
       status name      |       prev info      |     current info     |       difference     |  count 
----------------------------------------------------------------------------------------------------
 * sell price           :          4,932,000.0 |          4,934,000.0 |             -2,000.0 |    0
 * buy price            :          4,931,000.0 |          4,931,000.0 |                  0.0 |    2
 * closing price        :          4,931,000.0 |          4,931,000.0 |                  0.0 |    2
       status name      |       prev info      |     current info     |       difference     |  count 
----------------------------------------------------------------------------------------------------
 * sell price           :          4,932,000.0 |          4,932,000.0 |                  0.0 |    1
 * buy price            :          4,931,000.0 |          4,931,000.0 |                  0.0 |    1
 * closing price        :          4,931,000.0 |          4,931,000.0 |                  0.0 |    1
       status name      |       prev info      |     current info     |       difference     |  count 
----------------------------------------------------------------------------------------------------
 * sell price           :          4,932,000.0 |          4,932,000.0 |                  0.0 |    2
 * buy price            :          4,931,000.0 |          4,931,000.0 |                  0.0 |    2
 * closing price        :          4,931,000.0 |          4,931,000.0 |                  0.0 |    2
       status name      |       prev info      |     current info     |       difference     |  count 
----------------------------------------------------------------------------------------------------
 * sell price           :          4,932,000.0 |          4,932,000.0 |                  0.0 |    3
 * buy price            :          4,931,000.0 |          4,931,000.0 |                  0.0 |    3
 * closing price        :          4,931,000.0 |          4,931,000.0 |                  0.0 |    3
       status name      |       prev info      |     current info     |       difference     |  count 
----------------------------------------------------------------------------------------------------
 * sell price           :          4,932,000.0 |          4,932,000.0 |                  0.0 |    4
 * buy price            :          4,931,000.0 |          4,931,000.0 |                  0.0 |    4
 * closing price        :          4,931,000.0 |          4,931,000.0 |                  0.0 |    4
       status name      |       prev info      |     current info     |       difference     |  count 
----------------------------------------------------------------------------------------------------
 * sell price           :          4,931,000.0 |          4,932,000.0 |             -1,000.0 |    0
 * buy price            :          4,930,000.0 |          4,931,000.0 |             -1,000.0 |    0
 * closing price        :          4,930,000.0 |          4,931,000.0 |             -1,000.0 |    0
       status name      |       prev info      |     current info     |       difference     |  count 
----------------------------------------------------------------------------------------------------
 * sell price           :          4,931,000.0 |          4,931,000.0 |                  0.0 |    1
 * buy price            :          4,930,000.0 |          4,930,000.0 |                  0.0 |    1
 * closing price        :          4,930,000.0 |          4,930,000.0 |                  0.0 |    1
       status name      |       prev info      |     current info     |       difference     |  count 
----------------------------------------------------------------------------------------------------
 * sell price           :          4,931,000.0 |          4,931,000.0 |                  0.0 |    2
 * buy price            :          4,930,000.0 |          4,930,000.0 |                  0.0 |    2
 * closing price        :          4,930,000.0 |          4,930,000.0 |                  0.0 |    2
       status name      |       prev info      |     current info     |       difference     |  count 
----------------------------------------------------------------------------------------------------
 * sell price           :          4,931,000.0 |          4,931,000.0 |                  0.0 |    3
 * buy price            :          4,930,000.0 |          4,930,000.0 |                  0.0 |    3
 * closing price        :          4,930,000.0 |          4,930,000.0 |                  0.0 |    3
       status name      |       prev info      |     current info     |       difference     |  count 
----------------------------------------------------------------------------------------------------
 * sell price           :          4,931,000.0 |          4,931,000.0 |                  0.0 |    4
 * buy price            :          4,930,000.0 |          4,930,000.0 |                  0.0 |    4
 * closing price        :          4,930,000.0 |          4,930,000.0 |                  0.0 |    4
       status name      |       prev info      |     current info     |     difference   |  count 
----------------------------------------------------------------------------------------------------
 * sell price           :          4,934,000.0 |          4,934,000.0 |              0.0 |    1
 * buy price            :          4,932,000.0 |          4,932,000.0 |              0.0 |    1
 * closing price        :          4,934,000.0 |          4,934,000.0 |              0.0 |    1
       status name      |       prev info      |     current info     |     difference   |  count 
----------------------------------------------------------------------------------------------------
 * sell price           :          4,934,000.0 |          4,934,000.0 |              0.0 |    2
 * buy price            :          4,932,000.0 |          4,932,000.0 |              0.0 |    2
 * closing price        :          4,934,000.0 |          4,934,000.0 |              0.0 |    2
       status name      |       prev info      |     current info     |     difference   |  count 
----------------------------------------------------------------------------------------------------
 * sell price           :          4,934,000.0 |          4,934,000.0 |              0.0 |    3
 * buy price            :          4,932,000.0 |          4,932,000.0 |              0.0 |    3
 * closing price        :          4,932,000.0 |          4,934,000.0 |         -2,000.0 |    0
       status name      |       prev info      |     current info     |     difference   |  count 
----------------------------------------------------------------------------------------------------
 * sell price           :          4,934,000.0 |          4,934,000.0 |              0.0 |    4
 * buy price            :          4,932,000.0 |          4,932,000.0 |              0.0 |    4
 * closing price        :          4,932,000.0 |          4,932,000.0 |              0.0 |    1
       status name      |       prev info      |     current info     |     difference   |  count 
----------------------------------------------------------------------------------------------------
 * sell price           :          4,934,000.0 |          4,934,000.0 |              0.0 |    5
 * buy price            :          4,932,000.0 |          4,932,000.0 |              0.0 |    5
 * closing price        :          4,932,000.0 |          4,932,000.0 |              0.0 |    2
       status name      |       prev info      |     current info     |     difference   |  count 
----------------------------------------------------------------------------------------------------
 * sell price           :          4,934,000.0 |          4,934,000.0 |              0.0 |    6
 * buy price            :          4,932,000.0 |          4,932,000.0 |              0.0 |    6
 * closing price        :          4,934,000.0 |          4,932,000.0 |          2,000.0 |    3
       status name      |       prev info      |     current info     |     difference   |  count 
----------------------------------------------------------------------------------------------------
 * sell price           :          4,934,000.0 |          4,934,000.0 |              0.0 |    7
 * buy price            :          4,932,000.0 |          4,932,000.0 |              0.0 |    7
 * closing price        :          4,934,000.0 |          4,934,000.0 |              0.0 |    4
       status name      |       prev info      |     current info     |     difference   |  count 
----------------------------------------------------------------------------------------------------
 * sell price           :          4,934,000.0 |          4,934,000.0 |              0.0 |    8
 * buy price            :          4,932,000.0 |          4,932,000.0 |              0.0 |    8
 * closing price        :          4,934,000.0 |          4,934,000.0 |              0.0 |    5
       status name      |       prev info      |     current info     |     difference   |  count 
----------------------------------------------------------------------------------------------------
 * sell price           :          4,934,000.0 |          4,934,000.0 |              0.0 |    9
 * buy price            :          4,932,000.0 |          4,932,000.0 |              0.0 |    9
 * closing price        :          4,934,000.0 |          4,934,000.0 |              0.0 |    6
       status name      |       prev info      |     current info     |     difference   |  count 
----------------------------------------------------------------------------------------------------
 * sell price           :          4,934,000.0 |          4,934,000.0 |              0.0 |   10
 * buy price            :          4,932,000.0 |          4,932,000.0 |              0.0 |   10
 * closing price        :          4,934,000.0 |          4,934,000.0 |              0.0 |    7
       status name      |       prev info      |     current info     |     difference   |  count 
----------------------------------------------------------------------------------------------------
 * sell price           :          4,934,000.0 |          4,934,000.0 |              0.0 |   11
 * buy price            :          4,932,000.0 |          4,932,000.0 |              0.0 |   11
 * closing price        :          4,934,000.0 |          4,934,000.0 |              0.0 |    8
       status name      |       prev info      |     current info     |     difference   |  count 
----------------------------------------------------------------------------------------------------
 * sell price           :          4,934,000.0 |          4,934,000.0 |              0.0 |   12
 * buy price            :          4,932,000.0 |          4,932,000.0 |              0.0 |   12
 * closing price        :          4,934,000.0 |          4,934,000.0 |              0.0 |    9
       status name      |       prev info      |     current info     |     difference   |  count 
----------------------------------------------------------------------------------------------------
 * sell price           :          4,934,000.0 |          4,934,000.0 |              0.0 |   13
 * buy price            :          4,932,000.0 |          4,932,000.0 |              0.0 |   13
 * closing price        :          4,934,000.0 |          4,934,000.0 |              0.0 |   10
       status name      |       prev info      |     current info     |     difference   |  count 
----------------------------------------------------------------------------------------------------
 * sell price           :          4,934,000.0 |          4,934,000.0 |              0.0 |   14
 * buy price            :          4,932,000.0 |          4,932,000.0 |              0.0 |   14
 * closing price        :          4,934,000.0 |          4,934,000.0 |              0.0 |   11
       status name      |       prev info      |     current info     |     difference   |  count 
----------------------------------------------------------------------------------------------------
 * sell price           :          4,934,000.0 |          4,934,000.0 |              0.0 |   15
 * buy price            :          4,932,000.0 |          4,932,000.0 |              0.0 |   15
 * closing price        :          4,934,000.0 |          4,934,000.0 |              0.0 |   12
       status name      |       prev info      |     current info     |     difference   |  count 
----------------------------------------------------------------------------------------------------
 * sell price           :          4,934,000.0 |          4,934,000.0 |              0.0 |   16
 * buy price            :          4,932,000.0 |          4,932,000.0 |              0.0 |   16
 * closing price        :          4,932,000.0 |          4,934,000.0 |         -2,000.0 |    0
       status name      |       prev info      |     current info     |     difference   |  count 
----------------------------------------------------------------------------------------------------
 * sell price           :          4,934,000.0 |          4,934,000.0 |              0.0 |   17
 * buy price            :          4,932,000.0 |          4,932,000.0 |              0.0 |   17
 * closing price        :          4,932,000.0 |          4,932,000.0 |              0.0 |    1
       status name      |       prev info      |     current info     |     difference   |  count 
----------------------------------------------------------------------------------------------------
 * sell price           :          4,934,000.0 |          4,934,000.0 |              0.0 |   18
 * buy price            :          4,932,000.0 |          4,932,000.0 |              0.0 |   18
 * closing price        :          4,932,000.0 |          4,932,000.0 |              0.0 |    2
       status name      |       prev info      |     current info     |     difference   |  count 
----------------------------------------------------------------------------------------------------
 * sell price           :          4,934,000.0 |          4,934,000.0 |              0.0 |   19
 * buy price            :          4,932,000.0 |          4,932,000.0 |              0.0 |   19
 * closing price        :          4,932,000.0 |          4,932,000.0 |              0.0 |    3
       status name      |       prev info      |     current info     |     difference   |  count 
----------------------------------------------------------------------------------------------------
 * sell price           :          4,934,000.0 |          4,934,000.0 |              0.0 |   20
 * buy price            :          4,932,000.0 |          4,932,000.0 |              0.0 |   20
 * closing price        :          4,932,000.0 |          4,932,000.0 |              0.0 |    4
       status name      |       prev info      |     current info     |     difference   |  count 
----------------------------------------------------------------------------------------------------
 * sell price           :          4,935,000.0 |          4,934,000.0 |          1,000.0 |   21
 * buy price            :          4,932,000.0 |          4,932,000.0 |              0.0 |   21
 * closing price        :          4,932,000.0 |          4,932,000.0 |              0.0 |    5
       status name      |       prev info      |     current info     |     difference   |  count 
----------------------------------------------------------------------------------------------------
 * sell price           :          4,935,000.0 |          4,935,000.0 |              0.0 |   22
 * buy price            :          4,932,000.0 |          4,932,000.0 |              0.0 |   22
 * closing price        :          4,932,000.0 |          4,932,000.0 |              0.0 |    6
       status name      |       prev info      |     current info     |     difference   |  count 
----------------------------------------------------------------------------------------------------
 * sell price           :          4,935,000.0 |          4,935,000.0 |              0.0 |   23
 * buy price            :          4,932,000.0 |          4,932,000.0 |              0.0 |   23
 * closing price        :          4,932,000.0 |          4,932,000.0 |              0.0 |    7
       status name      |       prev info      |     current info     |     difference   |  count 
----------------------------------------------------------------------------------------------------
 * sell price           :          4,935,000.0 |          4,935,000.0 |              0.0 |   24
 * buy price            :          4,934,000.0 |          4,932,000.0 |          2,000.0 |   24
 * closing price        :          4,932,000.0 |          4,932,000.0 |              0.0 |    8
       status name      |       prev info      |     current info     |     difference   |  count 
----------------------------------------------------------------------------------------------------
 * sell price           :          4,935,000.0 |          4,935,000.0 |              0.0 |   25
 * buy price            :          4,934,000.0 |          4,934,000.0 |              0.0 |   25
 * closing price        :          4,932,000.0 |          4,932,000.0 |              0.0 |    9
       status name      |       prev info      |     current info     |     difference   |  count 
----------------------------------------------------------------------------------------------------
 * sell price           :          4,935,000.0 |          4,935,000.0 |              0.0 |   26
 * buy price            :          4,934,000.0 |          4,934,000.0 |              0.0 |   26
 * closing price        :          4,932,000.0 |          4,932,000.0 |              0.0 |   10
       status name      |       prev info      |     current info     |     difference   |  count 
----------------------------------------------------------------------------------------------------
 * sell price           :          4,935,000.0 |          4,935,000.0 |              0.0 |   27
 * buy price            :          4,934,000.0 |          4,934,000.0 |              0.0 |   27
 * closing price        :          4,934,000.0 |          4,932,000.0 |          2,000.0 |   11
       status name      |       prev info      |     current info     |     difference   |  count 
----------------------------------------------------------------------------------------------------
 * sell price           :          4,935,000.0 |          4,935,000.0 |              0.0 |   28
 * buy price            :          4,934,000.0 |          4,934,000.0 |              0.0 |   28
 * closing price        :          4,934,000.0 |          4,934,000.0 |              0.0 |   12
       status name      |       prev info      |     current info     |     difference   |  count 
----------------------------------------------------------------------------------------------------
 * sell price           :          4,934,000.0 |          4,935,000.0 |         -1,000.0 |    0
 * buy price            :          4,932,000.0 |          4,934,000.0 |         -2,000.0 |    0
 * closing price        :          4,934,000.0 |          4,934,000.0 |              0.0 |   13
       status name      |       prev info      |     current info     |     difference   |  count 
----------------------------------------------------------------------------------------------------
 * sell price           :          4,934,000.0 |          4,934,000.0 |              0.0 |    1
 * buy price            :          4,932,000.0 |          4,932,000.0 |              0.0 |    1
 * closing price        :          4,934,000.0 |          4,934,000.0 |              0.0 |   14
       status name      |       prev info      |     current info     |     difference   |  count 
----------------------------------------------------------------------------------------------------
 * sell price           :          4,934,000.0 |          4,934,000.0 |              0.0 |    2
 * buy price            :          4,932,000.0 |          4,932,000.0 |              0.0 |    2
 * closing price        :          4,934,000.0 |          4,934,000.0 |              0.0 |   15
       status name      |       prev info      |     current info     |     difference   |  count 
----------------------------------------------------------------------------------------------------
 * sell price           :          4,934,000.0 |          4,934,000.0 |              0.0 |    3
 * buy price            :          4,932,000.0 |          4,932,000.0 |              0.0 |    3
 * closing price        :          4,934,000.0 |          4,934,000.0 |              0.0 |   16
       status name      |       prev info      |     current info     |     difference   |  count 
----------------------------------------------------------------------------------------------------
 * sell price           :          4,934,000.0 |          4,934,000.0 |              0.0 |    4
 * buy price            :          4,932,000.0 |          4,932,000.0 |              0.0 |    4
 * closing price        :          4,934,000.0 |          4,934,000.0 |              0.0 |   17
       status name      |       prev info      |     current info     |     difference   |  count 
----------------------------------------------------------------------------------------------------
 * sell price           :          4,934,000.0 |          4,934,000.0 |              0.0 |    5
 * buy price            :          4,932,000.0 |          4,932,000.0 |              0.0 |    5
 * closing price        :          4,934,000.0 |          4,934,000.0 |              0.0 |   18
       status name      |       prev info      |     current info     |     difference   |  count 
----------------------------------------------------------------------------------------------------
 * sell price           :          4,934,000.0 |          4,934,000.0 |              0.0 |    6
 * buy price            :          4,932,000.0 |          4,932,000.0 |              0.0 |    6
 * closing price        :          4,934,000.0 |          4,934,000.0 |              0.0 |   19
       status name      |       prev info      |     current info     |     difference   |  count 
----------------------------------------------------------------------------------------------------
 * sell price           :          4,934,000.0 |          4,934,000.0 |              0.0 |    7
 * buy price            :          4,932,000.0 |          4,932,000.0 |              0.0 |    7
 * closing price        :          4,934,000.0 |          4,934,000.0 |              0.0 |   20
       status name      |       prev info      |     current info     |     difference   |  count 
----------------------------------------------------------------------------------------------------
 * sell price           :          4,934,000.0 |          4,934,000.0 |              0.0 |    8
 * buy price            :          4,932,000.0 |          4,932,000.0 |              0.0 |    8
 * closing price        :          4,934,000.0 |          4,934,000.0 |              0.0 |   21
       status name      |       prev info      |     current info     |     difference   |  count 
----------------------------------------------------------------------------------------------------
 * sell price           :          4,934,000.0 |          4,934,000.0 |              0.0 |    9
 * buy price            :          4,932,000.0 |          4,932,000.0 |              0.0 |    9
 * closing price        :          4,934,000.0 |          4,934,000.0 |              0.0 |   22
       status name      |       prev info      |     current info     |     difference   |  count 
----------------------------------------------------------------------------------------------------
 * sell price           :          4,934,000.0 |          4,934,000.0 |              0.0 |   10
 * buy price            :          4,932,000.0 |          4,932,000.0 |              0.0 |   10
 * closing price        :          4,932,000.0 |          4,934,000.0 |         -2,000.0 |    0
       status name      |       prev info      |     current info     |     difference   |  count 
----------------------------------------------------------------------------------------------------
 * sell price           :          4,934,000.0 |          4,934,000.0 |              0.0 |   11
 * buy price            :          4,932,000.0 |          4,932,000.0 |              0.0 |   11
 * closing price        :          4,932,000.0 |          4,932,000.0 |              0.0 |    1
       status name      |       prev info      |     current info     |     difference   |  count 
----------------------------------------------------------------------------------------------------
 * sell price           :          4,934,000.0 |          4,934,000.0 |              0.0 |   12
 * buy price            :          4,932,000.0 |          4,932,000.0 |              0.0 |   12
 * closing price        :          4,932,000.0 |          4,932,000.0 |              0.0 |    2
       status name      |       prev info      |     current info     |     difference   |  count 
----------------------------------------------------------------------------------------------------
 * sell price           :          4,934,000.0 |          4,934,000.0 |              0.0 |   13
 * buy price            :          4,932,000.0 |          4,932,000.0 |              0.0 |   13
 * closing price        :          4,932,000.0 |          4,932,000.0 |              0.0 |    3
       status name      |       prev info      |     current info     |     difference   |  count 
----------------------------------------------------------------------------------------------------
 * sell price           :          4,934,000.0 |          4,934,000.0 |              0.0 |   14
 * buy price            :          4,932,000.0 |          4,932,000.0 |              0.0 |   14
 * closing price        :          4,932,000.0 |          4,932,000.0 |              0.0 |    4
       status name      |       prev info      |     current info     |     difference   |  count 
----------------------------------------------------------------------------------------------------
 * sell price           :          4,934,000.0 |          4,934,000.0 |              0.0 |   15
 * buy price            :          4,932,000.0 |          4,932,000.0 |              0.0 |   15
 * closing price        :          4,932,000.0 |          4,932,000.0 |              0.0 |    5
       status name      |       prev info      |     current info     |     difference   |  count 
----------------------------------------------------------------------------------------------------
 * sell price           :          4,934,000.0 |          4,934,000.0 |              0.0 |   16
 * buy price            :          4,932,000.0 |          4,932,000.0 |              0.0 |   16
 * closing price        :          4,932,000.0 |          4,932,000.0 |              0.0 |    6
       status name      |       prev info      |     current info     |     difference   |  count 
----------------------------------------------------------------------------------------------------
 * sell price           :          4,935,000.0 |          4,934,000.0 |          1,000.0 |   17
 * buy price            :          4,934,000.0 |          4,932,000.0 |          2,000.0 |   17
 * closing price        :          4,934,000.0 |          4,932,000.0 |          2,000.0 |    7
       status name      |       prev info      |     current info     |     difference   |  count 
----------------------------------------------------------------------------------------------------
 * sell price           :          4,935,000.0 |          4,935,000.0 |              0.0 |   18
 * buy price            :          4,934,000.0 |          4,934,000.0 |              0.0 |   18
 * closing price        :          4,934,000.0 |          4,934,000.0 |              0.0 |    8
       status name      |       prev info      |     current info     |     difference   |  count 
----------------------------------------------------------------------------------------------------
 * sell price           :          4,935,000.0 |          4,935,000.0 |              0.0 |   19
 * buy price            :          4,934,000.0 |          4,934,000.0 |              0.0 |   19
 * closing price        :          4,934,000.0 |          4,934,000.0 |              0.0 |    9
       status name      |       prev info      |     current info     |     difference   |  count 
----------------------------------------------------------------------------------------------------
 * sell price           :          4,934,000.0 |          4,935,000.0 |         -1,000.0 |    0
 * buy price            :          4,932,000.0 |          4,934,000.0 |         -2,000.0 |    0
 * closing price        :          4,934,000.0 |          4,934,000.0 |              0.0 |   10
       status name      |       prev info      |     current info     |     difference   |  count 
----------------------------------------------------------------------------------------------------
 * sell price           :          4,934,000.0 |          4,934,000.0 |              0.0 |    1
 * buy price            :          4,932,000.0 |          4,932,000.0 |              0.0 |    1
 * closing price        :          4,934,000.0 |          4,934,000.0 |              0.0 |   11
       status name      |       prev info      |     current info     |     difference   |  count 
----------------------------------------------------------------------------------------------------
 * sell price           :          4,934,000.0 |          4,934,000.0 |              0.0 |    2
 * buy price            :          4,932,000.0 |          4,932,000.0 |              0.0 |    2
 * closing price        :          4,934,000.0 |          4,934,000.0 |              0.0 |   12
       status name      |       prev info      |     current info     |     difference   |  count 
----------------------------------------------------------------------------------------------------
 * sell price           :          4,934,000.0 |          4,934,000.0 |              0.0 |    3
 * buy price            :          4,932,000.0 |          4,932,000.0 |              0.0 |    3
 * closing price        :          4,934,000.0 |          4,934,000.0 |              0.0 |   13
       status name      |       prev info      |     current info     |     difference   |  count 
----------------------------------------------------------------------------------------------------
 * sell price           :          4,934,000.0 |          4,934,000.0 |              0.0 |    4
 * buy price            :          4,932,000.0 |          4,932,000.0 |              0.0 |    4
 * closing price        :          4,934,000.0 |          4,934,000.0 |              0.0 |   14
       status name      |       prev info      |     current info     |     difference   |  count 
----------------------------------------------------------------------------------------------------
 * sell price           :          4,934,000.0 |          4,934,000.0 |              0.0 |    5
 * buy price            :          4,932,000.0 |          4,932,000.0 |              0.0 |    5
 * closing price        :          4,932,000.0 |          4,934,000.0 |         -2,000.0 |    0
       status name      |       prev info      |     current info     |     difference   |  count 
----------------------------------------------------------------------------------------------------
 * sell price           :          4,934,000.0 |          4,934,000.0 |              0.0 |    6
 * buy price            :          4,932,000.0 |          4,932,000.0 |              0.0 |    6
 * closing price        :          4,932,000.0 |          4,932,000.0 |              0.0 |    1
       status name      |       prev info      |     current info     |     difference   |  count 
----------------------------------------------------------------------------------------------------
 * sell price           :          4,934,000.0 |          4,934,000.0 |              0.0 |    7
 * buy price            :          4,932,000.0 |          4,932,000.0 |              0.0 |    7
 * closing price        :          4,932,000.0 |          4,932,000.0 |              0.0 |    2
       status name      |       prev info      |     current info     |     difference   |  count 
----------------------------------------------------------------------------------------------------
 * sell price           :          4,934,000.0 |          4,934,000.0 |              0.0 |    8
 * buy price            :          4,932,000.0 |          4,932,000.0 |              0.0 |    8
 * closing price        :          4,932,000.0 |          4,932,000.0 |              0.0 |    3
